{"uuid":"084bd7ce-c62b-4788-a292-ef5948ff7662","historyId":"6110443e357ee0178d3ab6a80929593f","fullName":"Amazon.BrandApple.checkIfProductShippable","labels":[{"name":"package","value":"Amazon.BrandApple"},{"name":"testClass","value":"Amazon.BrandApple"},{"name":"testMethod","value":"checkIfProductShippable"},{"name":"parentSuite","value":"Automation Suite"},{"name":"suite","value":"Sorting"},{"name":"subSuite","value":"Amazon.BrandApple"},{"name":"host","value":"Tornikes-MacBook-Pro-2.local"},{"name":"thread","value":"31407@Tornikes-MacBook-Pro-2.local.TestNG-tests-1(21)"},{"name":"framework","value":"testng"},{"name":"language","value":"java"}],"links":[],"name":"checkIfProductShippable","status":"failed","statusDetails":{"known":false,"muted":false,"flaky":false,"message":"Invalid element state [#nav-hamburger-menu]: element click intercepted: Element <a href=\"javascript: void(0)\" id=\"nav-hamburger-menu\" role=\"button\" aria-label=\"Open Menu\" data-csa-c-type=\"widget\" data-csa-c-slot-id=\"HamburgerMenuDesktop\" data-csa-c-interaction-events=\"click\" data-csa-c-id=\"73v3ab-f13cqz-no7h8p-vogqu6\">...</a> is not clickable at point (1322, 79). Other element would receive the click: <div class=\"hmenu-item hmenu-title \">...</div>\nScreenshot: file:/Users/anakin/Downloads/FinalProj/build/reports/tests/1671992772210.3.png\nPage source: file:/Users/anakin/Downloads/FinalProj/build/reports/tests/1671992772210.3.html\nTimeout: 4 s.\nCaused by: ElementClickInterceptedException: element click intercepted: Element <a href=\"javascript: void(0)\" id=\"nav-hamburger-menu\" role=\"button\" aria-label=\"Open Menu\" data-csa-c-type=\"widget\" data-csa-c-slot-id=\"HamburgerMenuDesktop\" data-csa-c-interaction-events=\"click\" data-csa-c-id=\"73v3ab-f13cqz-no7h8p-vogqu6\">...</a> is not clickable at point (1322, 79). Other element would receive the click: <div class=\"hmenu-item hmenu-title \">...</div>","trace":"Invalid element state [#nav-hamburger-menu]: element click intercepted: Element <a href=\"javascript: void(0)\" id=\"nav-hamburger-menu\" role=\"button\" aria-label=\"Open Menu\" data-csa-c-type=\"widget\" data-csa-c-slot-id=\"HamburgerMenuDesktop\" data-csa-c-interaction-events=\"click\" data-csa-c-id=\"73v3ab-f13cqz-no7h8p-vogqu6\">...</a> is not clickable at point (1322, 79). Other element would receive the click: <div class=\"hmenu-item hmenu-title \">...</div>\nScreenshot: file:/Users/anakin/Downloads/FinalProj/build/reports/tests/1671992772210.3.png\nPage source: file:/Users/anakin/Downloads/FinalProj/build/reports/tests/1671992772210.3.html\nTimeout: 4 s.\nCaused by: ElementClickInterceptedException: element click intercepted: Element <a href=\"javascript: void(0)\" id=\"nav-hamburger-menu\" role=\"button\" aria-label=\"Open Menu\" data-csa-c-type=\"widget\" data-csa-c-slot-id=\"HamburgerMenuDesktop\" data-csa-c-interaction-events=\"click\" data-csa-c-id=\"73v3ab-f13cqz-no7h8p-vogqu6\">...</a> is not clickable at point (1322, 79). Other element would receive the click: <div class=\"hmenu-item hmenu-title \">...</div>\n\tat com.codeborne.selenide.impl.ExceptionWrapper.wrap(ExceptionWrapper.java:26)\n\tat com.codeborne.selenide.impl.SelenideElementProxy.dispatchAndRetry(SelenideElementProxy.java:152)\n\tat com.codeborne.selenide.impl.SelenideElementProxy.invoke(SelenideElementProxy.java:82)\n\tat jdk.proxy2/jdk.proxy2.$Proxy7.click(Unknown Source)\n\tat Amazon.BrandApple.checkIfProductShippable(BrandApple.java:21)\n\tat java.base/jdk.internal.reflect.DirectMethodHandleAccessor.invoke(DirectMethodHandleAccessor.java:104)\n\tat java.base/java.lang.reflect.Method.invoke(Method.java:577)\n\tat org.testng.internal.invokers.MethodInvocationHelper.invokeMethod(MethodInvocationHelper.java:139)\n\tat org.testng.internal.invokers.TestInvoker.invokeMethod(TestInvoker.java:677)\n\tat org.testng.internal.invokers.TestInvoker.invokeTestMethod(TestInvoker.java:221)\n\tat org.testng.internal.invokers.MethodRunner.runInSequence(MethodRunner.java:50)\n\tat org.testng.internal.invokers.TestInvoker$MethodInvocationAgent.invoke(TestInvoker.java:969)\n\tat org.testng.internal.invokers.TestInvoker.invokeTestMethods(TestInvoker.java:194)\n\tat org.testng.internal.invokers.TestMethodWorker.invokeTestMethods(TestMethodWorker.java:148)\n\tat org.testng.internal.invokers.TestMethodWorker.run(TestMethodWorker.java:128)\n\tat java.base/java.util.ArrayList.forEach(ArrayList.java:1511)\n\tat org.testng.TestRunner.privateRun(TestRunner.java:829)\n\tat org.testng.TestRunner.run(TestRunner.java:602)\n\tat org.testng.SuiteRunner.runTest(SuiteRunner.java:437)\n\tat org.testng.SuiteRunner$SuiteWorker.run(SuiteRunner.java:475)\n\tat org.testng.internal.thread.ThreadUtil.lambda$execute$0(ThreadUtil.java:58)\n\tat java.base/java.util.concurrent.FutureTask.run(FutureTask.java:264)\n\tat java.base/java.util.concurrent.ThreadPoolExecutor.runWorker(ThreadPoolExecutor.java:1136)\n\tat java.base/java.util.concurrent.ThreadPoolExecutor$Worker.run(ThreadPoolExecutor.java:635)\n\tat java.base/java.lang.Thread.run(Thread.java:833)\nCaused by: org.openqa.selenium.ElementClickInterceptedException: element click intercepted: Element <a href=\"javascript: void(0)\" id=\"nav-hamburger-menu\" role=\"button\" aria-label=\"Open Menu\" data-csa-c-type=\"widget\" data-csa-c-slot-id=\"HamburgerMenuDesktop\" data-csa-c-interaction-events=\"click\" data-csa-c-id=\"73v3ab-f13cqz-no7h8p-vogqu6\">...</a> is not clickable at point (1322, 79). Other element would receive the click: <div class=\"hmenu-item hmenu-title \">...</div>\n  (Session info: chrome=108.0.5359.124)\nBuild info: version: '4.7.2', revision: '4d4020c3b7'\nSystem info: os.name: 'Mac OS X', os.arch: 'x86_64', os.version: '12.4', java.version: '18.0.2'\nDriver info: org.openqa.selenium.chrome.ChromeDriver\nCommand: [7aeb21a694a4bbfcb1dc3e5ee4f86f83, clickElement {id=5f06eb28-65ad-4f5b-8f0e-5272d9d4c4a8}]\nCapabilities {acceptInsecureCerts: true, browserName: chrome, browserVersion: 108.0.5359.124, chrome: {chromedriverVersion: 108.0.5359.71 (1e0e3868ee06..., userDataDir: /var/folders/tv/30hny8fx5hq...}, goog:chromeOptions: {debuggerAddress: localhost:52765}, networkConnectionEnabled: false, pageLoadStrategy: normal, platformName: MAC, proxy: Proxy(), se:cdp: ws://localhost:52765/devtoo..., se:cdpVersion: 108.0.5359.124, setWindowRect: true, strictFileInteractability: false, timeouts: {implicit: 0, pageLoad: 300000, script: 30000}, unhandledPromptBehavior: accept, webauthn:extension:credBlob: true, webauthn:extension:largeBlob: true, webauthn:virtualAuthenticators: true}\nElement: [[ChromeDriver: chrome on MAC (7aeb21a694a4bbfcb1dc3e5ee4f86f83)] -> css selector: #nav-hamburger-menu]\nSession ID: 7aeb21a694a4bbfcb1dc3e5ee4f86f83\n\tat java.base/jdk.internal.reflect.DirectConstructorHandleAccessor.newInstance(DirectConstructorHandleAccessor.java:67)\n\tat java.base/java.lang.reflect.Constructor.newInstanceWithCaller(Constructor.java:499)\n\tat java.base/java.lang.reflect.Constructor.newInstance(Constructor.java:483)\n\tat org.openqa.selenium.remote.codec.w3c.W3CHttpResponseCodec.createException(W3CHttpResponseCodec.java:200)\n\tat org.openqa.selenium.remote.codec.w3c.W3CHttpResponseCodec.decode(W3CHttpResponseCodec.java:133)\n\tat org.openqa.selenium.remote.codec.w3c.W3CHttpResponseCodec.decode(W3CHttpResponseCodec.java:53)\n\tat org.openqa.selenium.remote.HttpCommandExecutor.execute(HttpCommandExecutor.java:184)\n\tat org.openqa.selenium.remote.service.DriverCommandExecutor.invokeExecute(DriverCommandExecutor.java:167)\n\tat org.openqa.selenium.remote.service.DriverCommandExecutor.execute(DriverCommandExecutor.java:142)\n\tat org.openqa.selenium.remote.RemoteWebDriver.execute(RemoteWebDriver.java:535)\n\tat org.openqa.selenium.remote.RemoteWebElement.execute(RemoteWebElement.java:257)\n\tat org.openqa.selenium.remote.RemoteWebElement.click(RemoteWebElement.java:78)\n\tat com.codeborne.selenide.commands.Click.defaultClick(Click.java:97)\n\tat com.codeborne.selenide.commands.Click.click(Click.java:54)\n\tat com.codeborne.selenide.commands.Click.execute(Click.java:31)\n\tat com.codeborne.selenide.commands.Click.execute(Click.java:21)\n\tat com.codeborne.selenide.commands.Commands.execute(Commands.java:158)\n\tat com.codeborne.selenide.impl.SelenideElementProxy.dispatchAndRetry(SelenideElementProxy.java:130)\n\t... 23 more\n"},"stage":"finished","steps":[],"attachments":[],"parameters":[],"start":1671992767285,"stop":1671992773144}