{"uuid":"8165b803-63e7-48d2-979e-ad26fb2a4dbb","historyId":"a3ca7e80b7822a871f030f36253035be","fullName":"Amazon.BrandApple.checkIfAppleCheckboxAppear","labels":[{"name":"package","value":"Amazon.BrandApple"},{"name":"testClass","value":"Amazon.BrandApple"},{"name":"testMethod","value":"checkIfAppleCheckboxAppear"},{"name":"parentSuite","value":"Automation Suite"},{"name":"suite","value":"Sorting"},{"name":"subSuite","value":"Amazon.BrandApple"},{"name":"host","value":"Tornikes-MacBook-Pro-2.local"},{"name":"thread","value":"31407@Tornikes-MacBook-Pro-2.local.TestNG-tests-1(21)"},{"name":"framework","value":"testng"},{"name":"language","value":"java"}],"links":[],"name":"checkIfAppleCheckboxAppear","status":"broken","statusDetails":{"known":false,"muted":false,"flaky":false,"message":"no such element: Unable to locate element: {\"method\":\"xpath\",\"selector\":\"//div[contains(@class,'s-matching-dir sg-col-16-of-20 sg-col sg-col-8-of-12 sg-col-12-of-16')]\"}\n  (Session info: chrome=108.0.5359.124)\nFor documentation on this error, please visit: https://selenium.dev/exceptions/#no_such_element\nBuild info: version: '4.7.2', revision: '4d4020c3b7'\nSystem info: os.name: 'Mac OS X', os.arch: 'x86_64', os.version: '12.4', java.version: '18.0.2'\nDriver info: org.openqa.selenium.chrome.ChromeDriver\nCommand: [7aeb21a694a4bbfcb1dc3e5ee4f86f83, findElement {using=xpath, value=//div[contains(@class,'s-matching-dir sg-col-16-of-20 sg-col sg-col-8-of-12 sg-col-12-of-16')]}]\nCapabilities {acceptInsecureCerts: true, browserName: chrome, browserVersion: 108.0.5359.124, chrome: {chromedriverVersion: 108.0.5359.71 (1e0e3868ee06..., userDataDir: /var/folders/tv/30hny8fx5hq...}, goog:chromeOptions: {debuggerAddress: localhost:52765}, networkConnectionEnabled: false, pageLoadStrategy: normal, platformName: MAC, proxy: Proxy(), se:cdp: ws://localhost:52765/devtoo..., se:cdpVersion: 108.0.5359.124, setWindowRect: true, strictFileInteractability: false, timeouts: {implicit: 0, pageLoad: 300000, script: 30000}, unhandledPromptBehavior: accept, webauthn:extension:credBlob: true, webauthn:extension:largeBlob: true, webauthn:virtualAuthenticators: true}\nSession ID: 7aeb21a694a4bbfcb1dc3e5ee4f86f83","trace":"org.openqa.selenium.NoSuchElementException: no such element: Unable to locate element: {\"method\":\"xpath\",\"selector\":\"//div[contains(@class,'s-matching-dir sg-col-16-of-20 sg-col sg-col-8-of-12 sg-col-12-of-16')]\"}\n  (Session info: chrome=108.0.5359.124)\nFor documentation on this error, please visit: https://selenium.dev/exceptions/#no_such_element\nBuild info: version: '4.7.2', revision: '4d4020c3b7'\nSystem info: os.name: 'Mac OS X', os.arch: 'x86_64', os.version: '12.4', java.version: '18.0.2'\nDriver info: org.openqa.selenium.chrome.ChromeDriver\nCommand: [7aeb21a694a4bbfcb1dc3e5ee4f86f83, findElement {using=xpath, value=//div[contains(@class,'s-matching-dir sg-col-16-of-20 sg-col sg-col-8-of-12 sg-col-12-of-16')]}]\nCapabilities {acceptInsecureCerts: true, browserName: chrome, browserVersion: 108.0.5359.124, chrome: {chromedriverVersion: 108.0.5359.71 (1e0e3868ee06..., userDataDir: /var/folders/tv/30hny8fx5hq...}, goog:chromeOptions: {debuggerAddress: localhost:52765}, networkConnectionEnabled: false, pageLoadStrategy: normal, platformName: MAC, proxy: Proxy(), se:cdp: ws://localhost:52765/devtoo..., se:cdpVersion: 108.0.5359.124, setWindowRect: true, strictFileInteractability: false, timeouts: {implicit: 0, pageLoad: 300000, script: 30000}, unhandledPromptBehavior: accept, webauthn:extension:credBlob: true, webauthn:extension:largeBlob: true, webauthn:virtualAuthenticators: true}\nSession ID: 7aeb21a694a4bbfcb1dc3e5ee4f86f83\n\tat java.base/jdk.internal.reflect.DirectConstructorHandleAccessor.newInstance(DirectConstructorHandleAccessor.java:67)\n\tat java.base/java.lang.reflect.Constructor.newInstanceWithCaller(Constructor.java:499)\n\tat java.base/java.lang.reflect.Constructor.newInstance(Constructor.java:483)\n\tat org.openqa.selenium.remote.codec.w3c.W3CHttpResponseCodec.createException(W3CHttpResponseCodec.java:200)\n\tat org.openqa.selenium.remote.codec.w3c.W3CHttpResponseCodec.decode(W3CHttpResponseCodec.java:133)\n\tat org.openqa.selenium.remote.codec.w3c.W3CHttpResponseCodec.decode(W3CHttpResponseCodec.java:53)\n\tat org.openqa.selenium.remote.HttpCommandExecutor.execute(HttpCommandExecutor.java:184)\n\tat org.openqa.selenium.remote.service.DriverCommandExecutor.invokeExecute(DriverCommandExecutor.java:167)\n\tat org.openqa.selenium.remote.service.DriverCommandExecutor.execute(DriverCommandExecutor.java:142)\n\tat org.openqa.selenium.remote.RemoteWebDriver.execute(RemoteWebDriver.java:535)\n\tat org.openqa.selenium.remote.ElementLocation$ElementFinder$2.findElement(ElementLocation.java:162)\n\tat org.openqa.selenium.remote.ElementLocation.findElement(ElementLocation.java:60)\n\tat org.openqa.selenium.remote.RemoteWebDriver.findElement(RemoteWebDriver.java:351)\n\tat org.openqa.selenium.remote.RemoteWebDriver.findElement(RemoteWebDriver.java:343)\n\tat com.codeborne.selenide.impl.WebElementSelector.findElement(WebElementSelector.java:70)\n\tat com.codeborne.selenide.impl.WebElementSelector.findElement(WebElementSelector.java:44)\n\tat com.codeborne.selenide.impl.WebElementSelector.findElement(WebElementSelector.java:33)\n\tat com.codeborne.selenide.impl.ElementFinder.getWebElement(ElementFinder.java:122)\n\tat com.codeborne.selenide.impl.WebElementSelector.findElements(WebElementSelector.java:57)\n\tat com.codeborne.selenide.impl.BySelectorCollection.getElements(BySelectorCollection.java:40)\n\tat com.codeborne.selenide.impl.CollectionSnapshot.<init>(CollectionSnapshot.java:23)\n\tat com.codeborne.selenide.ElementsCollection.lambda$asFixedIterable$0(ElementsCollection.java:570)\n\tat com.codeborne.selenide.ElementsCollection.iterator(ElementsCollection.java:504)\n\tat Amazon.StepObject.checkForBrand(StepObject.java:64)\n\tat Amazon.BrandApple.checkIfAppleCheckboxAppear(BrandApple.java:15)\n\tat java.base/jdk.internal.reflect.DirectMethodHandleAccessor.invoke(DirectMethodHandleAccessor.java:104)\n\tat java.base/java.lang.reflect.Method.invoke(Method.java:577)\n\tat org.testng.internal.invokers.MethodInvocationHelper.invokeMethod(MethodInvocationHelper.java:139)\n\tat org.testng.internal.invokers.TestInvoker.invokeMethod(TestInvoker.java:677)\n\tat org.testng.internal.invokers.TestInvoker.invokeTestMethod(TestInvoker.java:221)\n\tat org.testng.internal.invokers.MethodRunner.runInSequence(MethodRunner.java:50)\n\tat org.testng.internal.invokers.TestInvoker$MethodInvocationAgent.invoke(TestInvoker.java:969)\n\tat org.testng.internal.invokers.TestInvoker.invokeTestMethods(TestInvoker.java:194)\n\tat org.testng.internal.invokers.TestMethodWorker.invokeTestMethods(TestMethodWorker.java:148)\n\tat org.testng.internal.invokers.TestMethodWorker.run(TestMethodWorker.java:128)\n\tat java.base/java.util.ArrayList.forEach(ArrayList.java:1511)\n\tat org.testng.TestRunner.privateRun(TestRunner.java:829)\n\tat org.testng.TestRunner.run(TestRunner.java:602)\n\tat org.testng.SuiteRunner.runTest(SuiteRunner.java:437)\n\tat org.testng.SuiteRunner$SuiteWorker.run(SuiteRunner.java:475)\n\tat org.testng.internal.thread.ThreadUtil.lambda$execute$0(ThreadUtil.java:58)\n\tat java.base/java.util.concurrent.FutureTask.run(FutureTask.java:264)\n\tat java.base/java.util.concurrent.ThreadPoolExecutor.runWorker(ThreadPoolExecutor.java:1136)\n\tat java.base/java.util.concurrent.ThreadPoolExecutor$Worker.run(ThreadPoolExecutor.java:635)\n\tat java.base/java.lang.Thread.run(Thread.java:833)\n"},"stage":"finished","steps":[{"name":"Open left navigation and choose sub category","status":"passed","stage":"finished","steps":[],"attachments":[],"parameters":[{"name":"menu","value":"Electronics"},{"name":"li","value":"2"}],"start":1671992766482,"stop":1671992767247},{"name":"Check if passed brand exists and filter by it","status":"passed","stage":"finished","steps":[],"attachments":[],"parameters":[{"name":"assertValue","value":"true"},{"name":"isClick","value":"true"},{"name":"filteredValue","value":"apple"}],"start":1671992767248,"stop":1671992767259},{"name":"Fetch brand filters","status":"passed","stage":"finished","steps":[],"attachments":[],"parameters":[{"name":"filteredValue","value":"apple"}],"start":1671992767259,"stop":1671992767267},{"name":"Check if items are displayed by picked brand","status":"broken","statusDetails":{"known":false,"muted":false,"flaky":false,"message":"no such element: Unable to locate element: {\"method\":\"xpath\",\"selector\":\"//div[contains(@class,'s-matching-dir sg-col-16-of-20 sg-col sg-col-8-of-12 sg-col-12-of-16')]\"}\n  (Session info: chrome=108.0.5359.124)\nFor documentation on this error, please visit: https://selenium.dev/exceptions/#no_such_element\nBuild info: version: '4.7.2', revision: '4d4020c3b7'\nSystem info: os.name: 'Mac OS X', os.arch: 'x86_64', os.version: '12.4', java.version: '18.0.2'\nDriver info: org.openqa.selenium.chrome.ChromeDriver\nCommand: [7aeb21a694a4bbfcb1dc3e5ee4f86f83, findElement {using=xpath, value=//div[contains(@class,'s-matching-dir sg-col-16-of-20 sg-col sg-col-8-of-12 sg-col-12-of-16')]}]\nCapabilities {acceptInsecureCerts: true, browserName: chrome, browserVersion: 108.0.5359.124, chrome: {chromedriverVersion: 108.0.5359.71 (1e0e3868ee06..., userDataDir: /var/folders/tv/30hny8fx5hq...}, goog:chromeOptions: {debuggerAddress: localhost:52765}, networkConnectionEnabled: false, pageLoadStrategy: normal, platformName: MAC, proxy: Proxy(), se:cdp: ws://localhost:52765/devtoo..., se:cdpVersion: 108.0.5359.124, setWindowRect: true, strictFileInteractability: false, timeouts: {implicit: 0, pageLoad: 300000, script: 30000}, unhandledPromptBehavior: accept, webauthn:extension:credBlob: true, webauthn:extension:largeBlob: true, webauthn:virtualAuthenticators: true}\nSession ID: 7aeb21a694a4bbfcb1dc3e5ee4f86f83","trace":"org.openqa.selenium.NoSuchElementException: no such element: Unable to locate element: {\"method\":\"xpath\",\"selector\":\"//div[contains(@class,'s-matching-dir sg-col-16-of-20 sg-col sg-col-8-of-12 sg-col-12-of-16')]\"}\n  (Session info: chrome=108.0.5359.124)\nFor documentation on this error, please visit: https://selenium.dev/exceptions/#no_such_element\nBuild info: version: '4.7.2', revision: '4d4020c3b7'\nSystem info: os.name: 'Mac OS X', os.arch: 'x86_64', os.version: '12.4', java.version: '18.0.2'\nDriver info: org.openqa.selenium.chrome.ChromeDriver\nCommand: [7aeb21a694a4bbfcb1dc3e5ee4f86f83, findElement {using=xpath, value=//div[contains(@class,'s-matching-dir sg-col-16-of-20 sg-col sg-col-8-of-12 sg-col-12-of-16')]}]\nCapabilities {acceptInsecureCerts: true, browserName: chrome, browserVersion: 108.0.5359.124, chrome: {chromedriverVersion: 108.0.5359.71 (1e0e3868ee06..., userDataDir: /var/folders/tv/30hny8fx5hq...}, goog:chromeOptions: {debuggerAddress: localhost:52765}, networkConnectionEnabled: false, pageLoadStrategy: normal, platformName: MAC, proxy: Proxy(), se:cdp: ws://localhost:52765/devtoo..., se:cdpVersion: 108.0.5359.124, setWindowRect: true, strictFileInteractability: false, timeouts: {implicit: 0, pageLoad: 300000, script: 30000}, unhandledPromptBehavior: accept, webauthn:extension:credBlob: true, webauthn:extension:largeBlob: true, webauthn:virtualAuthenticators: true}\nSession ID: 7aeb21a694a4bbfcb1dc3e5ee4f86f83\n\tat java.base/jdk.internal.reflect.DirectConstructorHandleAccessor.newInstance(DirectConstructorHandleAccessor.java:67)\n\tat java.base/java.lang.reflect.Constructor.newInstanceWithCaller(Constructor.java:499)\n\tat java.base/java.lang.reflect.Constructor.newInstance(Constructor.java:483)\n\tat org.openqa.selenium.remote.codec.w3c.W3CHttpResponseCodec.createException(W3CHttpResponseCodec.java:200)\n\tat org.openqa.selenium.remote.codec.w3c.W3CHttpResponseCodec.decode(W3CHttpResponseCodec.java:133)\n\tat org.openqa.selenium.remote.codec.w3c.W3CHttpResponseCodec.decode(W3CHttpResponseCodec.java:53)\n\tat org.openqa.selenium.remote.HttpCommandExecutor.execute(HttpCommandExecutor.java:184)\n\tat org.openqa.selenium.remote.service.DriverCommandExecutor.invokeExecute(DriverCommandExecutor.java:167)\n\tat org.openqa.selenium.remote.service.DriverCommandExecutor.execute(DriverCommandExecutor.java:142)\n\tat org.openqa.selenium.remote.RemoteWebDriver.execute(RemoteWebDriver.java:535)\n\tat org.openqa.selenium.remote.ElementLocation$ElementFinder$2.findElement(ElementLocation.java:162)\n\tat org.openqa.selenium.remote.ElementLocation.findElement(ElementLocation.java:60)\n\tat org.openqa.selenium.remote.RemoteWebDriver.findElement(RemoteWebDriver.java:351)\n\tat org.openqa.selenium.remote.RemoteWebDriver.findElement(RemoteWebDriver.java:343)\n\tat com.codeborne.selenide.impl.WebElementSelector.findElement(WebElementSelector.java:70)\n\tat com.codeborne.selenide.impl.WebElementSelector.findElement(WebElementSelector.java:44)\n\tat com.codeborne.selenide.impl.WebElementSelector.findElement(WebElementSelector.java:33)\n\tat com.codeborne.selenide.impl.ElementFinder.getWebElement(ElementFinder.java:122)\n\tat com.codeborne.selenide.impl.WebElementSelector.findElements(WebElementSelector.java:57)\n\tat com.codeborne.selenide.impl.BySelectorCollection.getElements(BySelectorCollection.java:40)\n\tat com.codeborne.selenide.impl.CollectionSnapshot.<init>(CollectionSnapshot.java:23)\n\tat com.codeborne.selenide.ElementsCollection.lambda$asFixedIterable$0(ElementsCollection.java:570)\n\tat com.codeborne.selenide.ElementsCollection.iterator(ElementsCollection.java:504)\n\tat Amazon.StepObject.checkForBrand(StepObject.java:64)\n\tat Amazon.BrandApple.checkIfAppleCheckboxAppear(BrandApple.java:15)\n\tat java.base/jdk.internal.reflect.DirectMethodHandleAccessor.invoke(DirectMethodHandleAccessor.java:104)\n\tat java.base/java.lang.reflect.Method.invoke(Method.java:577)\n\tat org.testng.internal.invokers.MethodInvocationHelper.invokeMethod(MethodInvocationHelper.java:139)\n\tat org.testng.internal.invokers.TestInvoker.invokeMethod(TestInvoker.java:677)\n\tat org.testng.internal.invokers.TestInvoker.invokeTestMethod(TestInvoker.java:221)\n\tat org.testng.internal.invokers.MethodRunner.runInSequence(MethodRunner.java:50)\n\tat org.testng.internal.invokers.TestInvoker$MethodInvocationAgent.invoke(TestInvoker.java:969)\n\tat org.testng.internal.invokers.TestInvoker.invokeTestMethods(TestInvoker.java:194)\n\tat org.testng.internal.invokers.TestMethodWorker.invokeTestMethods(TestMethodWorker.java:148)\n\tat org.testng.internal.invokers.TestMethodWorker.run(TestMethodWorker.java:128)\n\tat java.base/java.util.ArrayList.forEach(ArrayList.java:1511)\n\tat org.testng.TestRunner.privateRun(TestRunner.java:829)\n\tat org.testng.TestRunner.run(TestRunner.java:602)\n\tat org.testng.SuiteRunner.runTest(SuiteRunner.java:437)\n\tat org.testng.SuiteRunner$SuiteWorker.run(SuiteRunner.java:475)\n\tat org.testng.internal.thread.ThreadUtil.lambda$execute$0(ThreadUtil.java:58)\n\tat java.base/java.util.concurrent.FutureTask.run(FutureTask.java:264)\n\tat java.base/java.util.concurrent.ThreadPoolExecutor.runWorker(ThreadPoolExecutor.java:1136)\n\tat java.base/java.util.concurrent.ThreadPoolExecutor$Worker.run(ThreadPoolExecutor.java:635)\n\tat java.base/java.lang.Thread.run(Thread.java:833)\n"},"stage":"finished","steps":[],"attachments":[],"parameters":[{"name":"brandName","value":"apple"}],"start":1671992767267,"stop":1671992767279}],"attachments":[],"parameters":[],"start":1671992765346,"stop":1671992767280}